<?xml version="1.0" encoding="UTF-8"?><testsuite errors="1" failures="0" name="com.aptafund.test.features.EmployeePayrollTest" skipped="0" tests="1" time="41.12" timestamp="2019-10-303 04:17:52"><testcase classname="com.aptafund.test.features.EmployeePayrollTest" name="Verify login into site"><error message="Timed out after 15000 milliseconds: net.serenitybdd.core.pages.RenderedPageObjectView$2@c7a977f&#10;Build info: version: '2.53.0', revision: '35ae25b1534ae328c771e0856c93e187490ca824', time: '2016-03-15 10:43:46'&#10;System info: host: 'CRKRL-MUHAMSHA1', ip: '192.168.56.1', os.name: 'Windows 10', os.arch: 'amd64', os.version: '10.0', java.version: '11.0.4'&#10;Driver info: driver.version: unknown" type="org.openqa.selenium.TimeoutException">Timed out after 15000 milliseconds: net.serenitybdd.core.pages.RenderedPageObjectView$2@c7a977f
Build info: version: '2.53.0', revision: '35ae25b1534ae328c771e0856c93e187490ca824', time: '2016-03-15 10:43:46'
System info: host: 'CRKRL-MUHAMSHA1', ip: '192.168.56.1', os.name: 'Windows 10', os.arch: 'amd64', os.version: '10.0', java.version: '11.0.4'
Driver info: driver.version: unknown</error><system-err>Timed out after 15000 milliseconds: net.serenitybdd.core.pages.RenderedPageObjectView$2@c7a977f
Build info: version: '2.53.0', revision: '35ae25b1534ae328c771e0856c93e187490ca824', time: '2016-03-15 10:43:46'
System info: host: 'CRKRL-MUHAMSHA1', ip: '192.168.56.1', os.name: 'Windows 10', os.arch: 'amd64', os.version: '10.0', java.version: '11.0.4'
Driver info: driver.version: unknown&#13;
com.aptafund.test.pages.common.AptaLoginPage.loginIntoApta(AptaLoginPage.java:33)&#13;
com.aptafund.test.steps.payroll_steps.ManagePayrollSteps.loginIntoSite(ManagePayrollSteps.java:42)&#13;
com.aptafund.test.features.EmployeePayrollTest.VerifyLoginIntoSite(EmployeePayrollTest.java:46)&#13;
java.base/jdk.internal.reflect.NativeMethodAccessorImpl.invoke0(Native Method)&#13;
java.base/jdk.internal.reflect.NativeMethodAccessorImpl.invoke(NativeMethodAccessorImpl.java:62)&#13;
java.base/jdk.internal.reflect.DelegatingMethodAccessorImpl.invoke(DelegatingMethodAccessorImpl.java:43)&#13;
</system-err></testcase></testsuite>