<?xml version="1.0" encoding="UTF-8"?><testsuite errors="1" failures="0" name="com.aptafund.test.features.EmployeePayrollTest" skipped="1" tests="4" time="64.4" timestamp="2019-10-304 11:45:06"><testcase classname="com.aptafund.test.features.EmployeePayrollTest" name="Open main menu"><error message="Timed out after 30 seconds waiting for com.aptafund.test.actions.WaitActions$1@5bdaf2ce&#10;Build info: version: '2.53.0', revision: '35ae25b1534ae328c771e0856c93e187490ca824', time: '2016-03-15 10:43:46'&#10;System info: host: 'CRKRL-MUHAMSHA1', ip: '172.16.220.1', os.name: 'Windows 10', os.arch: 'amd64', os.version: '10.0', java.version: '11.0.4'&#10;Driver info: net.thucydides.core.webdriver.WebDriverFacade" type="org.openqa.selenium.TimeoutException">Timed out after 30 seconds waiting for com.aptafund.test.actions.WaitActions$1@5bdaf2ce
Build info: version: '2.53.0', revision: '35ae25b1534ae328c771e0856c93e187490ca824', time: '2016-03-15 10:43:46'
System info: host: 'CRKRL-MUHAMSHA1', ip: '172.16.220.1', os.name: 'Windows 10', os.arch: 'amd64', os.version: '10.0', java.version: '11.0.4'
Driver info: net.thucydides.core.webdriver.WebDriverFacade</error><system-err>Timed out after 30 seconds waiting for com.aptafund.test.actions.WaitActions$1@5bdaf2ce
Build info: version: '2.53.0', revision: '35ae25b1534ae328c771e0856c93e187490ca824', time: '2016-03-15 10:43:46'
System info: host: 'CRKRL-MUHAMSHA1', ip: '172.16.220.1', os.name: 'Windows 10', os.arch: 'amd64', os.version: '10.0', java.version: '11.0.4'
Driver info: net.thucydides.core.webdriver.WebDriverFacade&#13;
com.aptafund.test.actions.WaitActions.waitUntilLoaded(WaitActions.java:28)&#13;
com.aptafund.test.pages.common.AptaHomePage.mainMenuAccess(AptaHomePage.java:40)&#13;
com.aptafund.test.steps.payroll_steps.ManagePayrollSteps.accessToMainMenu(ManagePayrollSteps.java:48)&#13;
com.aptafund.test.features.EmployeePayrollTest.openMainMenu(EmployeePayrollTest.java:55)&#13;
java.base/jdk.internal.reflect.NativeMethodAccessorImpl.invoke0(Native Method)&#13;
java.base/jdk.internal.reflect.NativeMethodAccessorImpl.invoke(NativeMethodAccessorImpl.java:62)&#13;
java.base/jdk.internal.reflect.DelegatingMethodAccessorImpl.invoke(DelegatingMethodAccessorImpl.java:43)&#13;
</system-err></testcase><testcase classname="com.aptafund.test.features.EmployeePayrollTest" name="Verify login into site"/><testcase classname="com.aptafund.test.features.EmployeePayrollTest" name="Test2"><skipped/></testcase><testcase classname="com.aptafund.test.features.EmployeePayrollTest" name="Verify login page is appearing"/></testsuite>