<?xml version="1.0" encoding="UTF-8"?><testsuite errors="0" failures="0" name="com.aptafund.test.features.payroll.EmployeePayrollTest" skipped="3" tests="4" time="35.62" timestamp="2016-10-282 03:54:22"><testcase classname="com.aptafund.test.features.payroll.EmployeePayrollTest" name="Verify login into site"/><testcase classname="com.aptafund.test.features.payroll.EmployeePayrollTest" name="Test1"><skipped/></testcase><testcase classname="com.aptafund.test.features.payroll.EmployeePayrollTest" name="Test2"><skipped/></testcase><testcase classname="com.aptafund.test.features.payroll.EmployeePayrollTest" name="Verify login page is appearing"><skipped/></testcase></testsuite>